<?xml version='1.0' encoding='UTF-8'?>
<testsuite hostname="DESKTOP-N2VT0LN" name="DataManagerTest" tests="4" errors="0" failures="0" skipped="0" time="0.029" timestamp="2023-12-08T23:19:08">
          <properties>
[...]
</properties>
          <testcase classname="DataManagerTest" name="readData should return a Success containing a Map for valid data" time="0.024">
                      
                    </testcase><testcase classname="DataManagerTest" name="readData should return a Failure for invalid data" time="0.001">
                      
                    </testcase><testcase classname="DataManagerTest" name="parseLine should correctly parse a valid line into a tuple" time="0.003">
                      
                    </testcase><testcase classname="DataManagerTest" name="parseLine should throw an exception for an invalid line" time="0.001">
                      
                    </testcase>
          <system-out><![CDATA[]]></system-out>
          <system-err><![CDATA[]]></system-err>
        </testsuite>